d:\projects\game_2048\game_2048\debug\vc142.pdb
d:\projects\game_2048\game_2048\debug\vc142.idb
d:\projects\game_2048\game_2048\debug\main.obj
d:\projects\game_2048\game_2048\debug\game_2048.obj
d:\projects\game_2048\game_2048\debug\datacollector.obj
d:\projects\game_2048\game_2048\debug\episodeinformation.obj
d:\projects\game_2048\debug\game_2048.ilk
d:\projects\game_2048\debug\game_2048.exe
d:\projects\game_2048\debug\game_2048.pdb
d:\projects\game_2048\game_2048\debug\game_2048.tlog\cl.command.1.tlog
d:\projects\game_2048\game_2048\debug\game_2048.tlog\cl.read.1.tlog
d:\projects\game_2048\game_2048\debug\game_2048.tlog\cl.write.1.tlog
d:\projects\game_2048\game_2048\debug\game_2048.tlog\link-cvtres.read.1.tlog
d:\projects\game_2048\game_2048\debug\game_2048.tlog\link-cvtres.write.1.tlog
d:\projects\game_2048\game_2048\debug\game_2048.tlog\link-rc.read.1.tlog
d:\projects\game_2048\game_2048\debug\game_2048.tlog\link-rc.write.1.tlog
d:\projects\game_2048\game_2048\debug\game_2048.tlog\link.11292-cvtres.read.1.tlog
d:\projects\game_2048\game_2048\debug\game_2048.tlog\link.11292-cvtres.write.1.tlog
d:\projects\game_2048\game_2048\debug\game_2048.tlog\link.11292-rc.read.1.tlog
d:\projects\game_2048\game_2048\debug\game_2048.tlog\link.11292-rc.write.1.tlog
d:\projects\game_2048\game_2048\debug\game_2048.tlog\link.11292.read.1.tlog
d:\projects\game_2048\game_2048\debug\game_2048.tlog\link.11292.write.1.tlog
d:\projects\game_2048\game_2048\debug\game_2048.tlog\link.command.1.tlog
d:\projects\game_2048\game_2048\debug\game_2048.tlog\link.read.1.tlog
d:\projects\game_2048\game_2048\debug\game_2048.tlog\link.write.1.tlog
